<<<<<<< HEAD
﻿Build started 11/9/2018 7:54:56 PM.
=======
<<<<<<< HEAD
﻿Build started 2018-11-08 10:22:02 PM.
     1>Project "C:\Users\AF\MECH-415-Project\Assignment 5 part 1\Assignment 5 part 1.vcxproj" on node 2 (Rebuild target(s)).
=======
﻿Build started 11/9/2018 9:13:28 AM.
>>>>>>> 964ad04da1caf920ba58a698abef7f49da0c4be6
     1>Project "C:\Users\Jeremy\Dropbox\School\MECH 415\Project\Assignment 5 part 1\Assignment 5 part 1.vcxproj" on node 2 (Build target(s)).
>>>>>>> 2e99b779238aac89908c7ad3e216d5185daf74a4
     1>ClCompile:
         C:\Program Files (x86)\Microsoft Visual Studio 12.0\VC\bin\CL.exe /c /ZI /nologo /W3 /WX- /Od /Oy- /D WIN32 /D _DEBUG /D _CONSOLE /D _LIB /D _UNICODE /D UNICODE /Gm /EHsc /RTC1 /MDd /GS /fp:precise /Zc:wchar_t /Zc:forScope /Fo"Debug\\" /Fd"Debug\vc120.pdb" /Gd /TP /analyze- /errorReport:prompt Function.cpp
         Function.cpp
       Link:
         C:\Program Files (x86)\Microsoft Visual Studio 12.0\VC\bin\link.exe /ERRORREPORT:PROMPT /OUT:"C:\Users\Jeremy\Dropbox\School\MECH 415\Project\Assignment 5 part 1\Debug\Assignment 5 part 1.exe" /INCREMENTAL /NOLOGO kernel32.lib user32.lib gdi32.lib winspool.lib comdlg32.lib advapi32.lib shell32.lib ole32.lib oleaut32.lib uuid.lib odbc32.lib odbccp32.lib /MANIFEST /MANIFESTUAC:"level='asInvoker' uiAccess='false'" /manifest:embed /DEBUG /PDB:"C:\Users\Jeremy\Dropbox\School\MECH 415\Project\Assignment 5 part 1\Debug\Assignment 5 part 1.pdb" /SUBSYSTEM:CONSOLE /TLBID:1 /DYNAMICBASE /NXCOMPAT /IMPLIB:"C:\Users\Jeremy\Dropbox\School\MECH 415\Project\Assignment 5 part 1\Debug\Assignment 5 part 1.lib" /MACHINE:X86 Debug\Function.obj
         "Debug\Assignment 5.obj"
         Assignment 5 part 1.vcxproj -> C:\Users\Jeremy\Dropbox\School\MECH 415\Project\Assignment 5 part 1\Debug\Assignment 5 part 1.exe
     1>Done Building Project "C:\Users\Jeremy\Dropbox\School\MECH 415\Project\Assignment 5 part 1\Assignment 5 part 1.vcxproj" (Build target(s)).

Build succeeded.

<<<<<<< HEAD
Time Elapsed 00:00:00.63
=======
<<<<<<< HEAD
Time Elapsed 00:00:02.19
=======
Time Elapsed 00:00:00.76
>>>>>>> 2e99b779238aac89908c7ad3e216d5185daf74a4
>>>>>>> 964ad04da1caf920ba58a698abef7f49da0c4be6
