Build started 12/11/2018 8:05:29 PM.
     1>Project "C:\Users\Jeremy\Dropbox\School\MECH 415\Project\3DOF_Robot_Project\Vertices.vcxproj" on node 2 (Build target(s)).
     1>C:\Program Files (x86)\MSBuild\Microsoft.Cpp\v4.0\V120\Microsoft.CppBuild.targets(388,5): warning MSB8028: The intermediate directory (Debug\) contains files shared from another project (3DOF_robot_project.vcxproj).  This can lead to incorrect clean and rebuild behavior.
     1>ClCompile:
         C:\Program Files (x86)\Microsoft Visual Studio 12.0\VC\bin\CL.exe /c /I..\..\..\common /ZI /nologo /W3 /WX- /Od /Oy- /D WIN32 /D _DEBUG /D _WINDOWS /D _MBCS /Gm /EHsc /MTd /GS /fp:precise /Zc:wchar_t /Zc:forScope /Fo"Debug\\" /Fd"Debug\vc120.pdb" /Gd /TP /analyze- /errorReport:prompt draw_3D_graphics.cpp rotation.cpp timer.cpp
         timer.cpp
         rotation.cpp
         draw_3D_graphics.cpp
         Generating Code...
       Link:
         C:\Program Files (x86)\Microsoft Visual Studio 12.0\VC\bin\link.exe /ERRORREPORT:PROMPT /OUT:"Debug\Vertices.exe" /INCREMENTAL /NOLOGO kernel32.lib user32.lib gdi32.lib winspool.lib comdlg32.lib advapi32.lib shell32.lib ole32.lib oleaut32.lib uuid.lib odbc32.lib odbccp32.lib /NODEFAULTLIB:libci.lib /MANIFEST /MANIFESTUAC:"level='asInvoker' uiAccess='false'" /manifest:embed /DEBUG /PDB:"Debug\Vertices.pdb" /SUBSYSTEM:WINDOWS /TLBID:1 /DYNAMICBASE /NXCOMPAT /IMPLIB:"Debug\Vertices.lib" /MACHINE:X86 /SAFESEH:NO /MACHINE:I386 /IGNORE:4089 Debug\draw_3D_graphics.obj
         Debug\rotation.obj
         Debug\timer.obj
         Vertices.lib
         LINK : Debug\Vertices.exe not found or not built by the last incremental link; performing full link
     1>Vertices.lib(3D_graphics.obj) : warning LNK4204: 'C:\Users\Jeremy\Dropbox\School\MECH 415\Project\3DOF_Robot_Project\Debug\vc120.pdb' is missing debugging information for referencing module; linking object as if no debug info
     1>Vertices.lib(d3dfont.obj) : warning LNK4204: 'C:\Users\Jeremy\Dropbox\School\MECH 415\Project\3DOF_Robot_Project\Debug\vc120.pdb' is missing debugging information for referencing module; linking object as if no debug info
     1>Vertices.lib(D3D_functions.obj) : warning LNK4204: 'C:\Users\Jeremy\Dropbox\School\MECH 415\Project\3DOF_Robot_Project\Debug\vc120.pdb' is missing debugging information for referencing module; linking object as if no debug info
     1>Vertices.lib(graphics.obj) : warning LNK4204: 'C:\Users\Jeremy\Dropbox\School\MECH 415\Project\3DOF_Robot_Project\Debug\vc120.pdb' is missing debugging information for referencing module; linking object as if no debug info
     1>Vertices.lib(winmain.obj) : warning LNK4204: 'C:\Users\Jeremy\Dropbox\School\MECH 415\Project\3DOF_Robot_Project\Debug\vc120.pdb' is missing debugging information for referencing module; linking object as if no debug info
         Vertices.vcxproj -> C:\Users\Jeremy\Dropbox\School\MECH 415\Project\3DOF_Robot_Project\Debug\Vertices.exe
     1>Done Building Project "C:\Users\Jeremy\Dropbox\School\MECH 415\Project\3DOF_Robot_Project\Vertices.vcxproj" (Build target(s)).

Build succeeded.

Time Elapsed 00:00:02.63
